2025-12-25 13:27:50.196 [main] INFO  [com.saf.client.SafClientApplication] [Actor:] - Starting SafClientApplication using Java 21.0.7 with PID 36130 (/home/cytech/Restaurant-SAF/saf-client/target/classes started by cytech in /home/cytech/Restaurant-SAF/saf-client)
2025-12-25 13:27:50.211 [main] INFO  [com.saf.client.SafClientApplication] [Actor:] - No active profile set, falling back to 1 default profile: "default"
2025-12-25 13:27:51.364 [main] INFO  [com.saf.core1.LocalActorSystem] [Actor:] - SAF ActorSystem started with 12 threads.
2025-12-25 13:27:51.374 [main] INFO  [com.saf.core1.router.RoundRobinPool] [Actor:client-router-d63ecbbf-aa06-459f-b0fe-a5cbbd45a496] - Starting Router Pool with 3 initial workers.
2025-12-25 13:27:52.312 [main] WARN  [o.s.c.l.c.LoadBalancerCacheAutoConfiguration$LoadBalancerCaffeineWarnLogger] [Actor:] - Spring Cloud LoadBalancer is currently working with the default cache. While this cache implementation is useful for development and tests, it's recommended to use Caffeine cache in production.You can switch to using Caffeine cache, by adding it and org.springframework.cache.caffeine.CaffeineCacheManager to the classpath.
2025-12-25 13:27:52.679 [main] INFO  [com.saf.client.SafClientApplication] [Actor:] - Started SafClientApplication in 2.757 seconds (process running for 2.936)
2025-12-25 13:28:46.345 [pool-2-thread-1] INFO  [com.saf.core1.ActorCell] [Actor:client-router-d63ecbbf-aa06-459f-b0fe-a5cbbd45a496] - RECEIVED message [ProxyCall] Payload: GET /client/menu
2025-12-25 13:28:46.347 [pool-2-thread-1] INFO  [com.saf.core1.router.RoundRobinPool] [Actor:] - Pool size is now: 3
2025-12-25 13:28:46.348 [pool-2-thread-2] INFO  [com.saf.core1.ActorCell] [Actor:worker-0-6df409ce-1ceb-40f5-8299-a0f296e9a596] - RECEIVED message [ProxyCall] Payload: GET /client/menu
2025-12-25 13:28:46.348 [pool-2-thread-2] INFO  [com.saf.client.ClientGatewayActor] [Actor:worker-0-6df409ce-1ceb-40f5-8299-a0f296e9a596] - Proxy call received: GET /client/menu
2025-12-25 13:31:08.419 [pool-2-thread-1] INFO  [com.saf.core1.ActorCell] [Actor:] - RECEIVED message [ProxyCall] Payload: POST /client/orders
2025-12-25 13:31:08.420 [pool-2-thread-3] INFO  [com.saf.core1.ActorCell] [Actor:worker-1-f8ba4c95-3a7d-49a2-8e2d-88f5b8df1af2] - RECEIVED message [ProxyCall] Payload: POST /client/orders
2025-12-25 13:31:08.420 [pool-2-thread-3] INFO  [com.saf.client.ClientGatewayActor] [Actor:worker-1-f8ba4c95-3a7d-49a2-8e2d-88f5b8df1af2] - Proxy call received: POST /client/orders
2025-12-25 13:32:35.302 [pool-2-thread-1] INFO  [com.saf.core1.ActorCell] [Actor:] - RECEIVED message [ProxyCall] Payload: POST /client/orders
2025-12-25 13:32:35.303 [pool-2-thread-4] INFO  [com.saf.core1.ActorCell] [Actor:worker-2-02d1c9a0-965f-4b35-83ef-bcfcbba22a28] - RECEIVED message [ProxyCall] Payload: POST /client/orders
2025-12-25 13:32:35.304 [pool-2-thread-4] INFO  [com.saf.client.ClientGatewayActor] [Actor:worker-2-02d1c9a0-965f-4b35-83ef-bcfcbba22a28] - Proxy call received: POST /client/orders
2025-12-25 13:33:01.331 [pool-2-thread-1] INFO  [com.saf.core1.ActorCell] [Actor:] - RECEIVED message [ProxyCall] Payload: GET /client/receipts/1766665653042
2025-12-25 13:33:01.331 [pool-2-thread-2] INFO  [com.saf.core1.ActorCell] [Actor:worker-0-6df409ce-1ceb-40f5-8299-a0f296e9a596] - RECEIVED message [ProxyCall] Payload: GET /client/receipts/1766665653042
2025-12-25 13:33:01.331 [pool-2-thread-2] INFO  [com.saf.client.ClientGatewayActor] [Actor:worker-0-6df409ce-1ceb-40f5-8299-a0f296e9a596] - Proxy call received: GET /client/receipts/1766665653042
2025-12-25 13:35:39.647 [pool-2-thread-1] INFO  [com.saf.core1.ActorCell] [Actor:] - RECEIVED message [SYSTEM_SCALE_UP] Payload: 2
2025-12-25 13:35:39.648 [pool-2-thread-1] INFO  [com.saf.core1.router.RoundRobinPool] [Actor:] - Scalability: Scaling UP by 2
2025-12-25 13:35:39.649 [pool-2-thread-1] INFO  [com.saf.core1.router.RoundRobinPool] [Actor:] - Pool size is now: 5
2025-12-25 13:43:34.839 [pool-2-thread-1] INFO  [com.saf.core1.ActorCell] [Actor:] - RECEIVED message [ProxyCall] Payload: GET /client/menu
2025-12-25 13:43:34.840 [pool-2-thread-3] INFO  [com.saf.core1.ActorCell] [Actor:worker-1-f8ba4c95-3a7d-49a2-8e2d-88f5b8df1af2] - RECEIVED message [ProxyCall] Payload: GET /client/menu
2025-12-25 13:43:34.840 [pool-2-thread-3] INFO  [com.saf.client.ClientGatewayActor] [Actor:worker-1-f8ba4c95-3a7d-49a2-8e2d-88f5b8df1af2] - Proxy call received: GET /client/menu
2025-12-25 13:43:45.718 [pool-2-thread-1] INFO  [com.saf.core1.ActorCell] [Actor:] - RECEIVED message [ProxyCall] Payload: POST /client/orders
2025-12-25 13:43:45.718 [pool-2-thread-4] INFO  [com.saf.core1.ActorCell] [Actor:worker-2-02d1c9a0-965f-4b35-83ef-bcfcbba22a28] - RECEIVED message [ProxyCall] Payload: POST /client/orders
2025-12-25 13:43:45.718 [pool-2-thread-4] INFO  [com.saf.client.ClientGatewayActor] [Actor:worker-2-02d1c9a0-965f-4b35-83ef-bcfcbba22a28] - Proxy call received: POST /client/orders
2025-12-25 13:44:03.032 [pool-2-thread-1] INFO  [com.saf.core1.ActorCell] [Actor:] - RECEIVED message [ProxyCall] Payload: GET /client/receipts/1766665653043
2025-12-25 13:44:03.034 [pool-2-thread-5] INFO  [com.saf.core1.ActorCell] [Actor:worker-3-8d5dbd16-de43-4b54-aa0a-e43227b847db] - RECEIVED message [ProxyCall] Payload: GET /client/receipts/1766665653043
2025-12-25 13:44:03.035 [pool-2-thread-5] INFO  [com.saf.client.ClientGatewayActor] [Actor:worker-3-8d5dbd16-de43-4b54-aa0a-e43227b847db] - Proxy call received: GET /client/receipts/1766665653043
2025-12-25 13:44:40.847 [pool-2-thread-1] INFO  [com.saf.core1.ActorCell] [Actor:] - RECEIVED message [ProxyCall] Payload: POST /client/orders
2025-12-25 13:44:40.848 [pool-2-thread-6] INFO  [com.saf.core1.ActorCell] [Actor:worker-4-d074c9d6-0351-4d23-ab2a-19e7cab27c0d] - RECEIVED message [ProxyCall] Payload: POST /client/orders
2025-12-25 13:44:40.848 [pool-2-thread-6] INFO  [com.saf.client.ClientGatewayActor] [Actor:worker-4-d074c9d6-0351-4d23-ab2a-19e7cab27c0d] - Proxy call received: POST /client/orders
2025-12-25 14:10:20.918 [DiscoveryClient-InstanceInfoReplicator-%d] WARN  [c.n.d.s.t.d.RetryableEurekaHttpClient] [Actor:] - Request execution failed with message: I/O error on POST request for "http://localhost:8761/eureka/apps/SAF-CLIENT": Connect to http://localhost:8761 [localhost/127.0.0.1] failed: Connexion refusée
2025-12-25 14:10:20.934 [DiscoveryClient-InstanceInfoReplicator-%d] WARN  [c.n.d.s.t.d.RetryableEurekaHttpClient] [Actor:] - Request execution failed with message: I/O error on POST request for "http://localhost:8761/eureka/apps/SAF-CLIENT": Connect to http://localhost:8761 [localhost/127.0.0.1] failed: Connexion refusée
2025-12-25 14:10:20.935 [DiscoveryClient-InstanceInfoReplicator-%d] WARN  [c.netflix.discovery.DiscoveryClient] [Actor:] - DiscoveryClient_SAF-CLIENT/student-laptop.home:saf-client - registration failed Cannot execute request on any known server
com.netflix.discovery.shared.transport.TransportException: Cannot execute request on any known server
	at com.netflix.discovery.shared.transport.decorator.RetryableEurekaHttpClient.execute(RetryableEurekaHttpClient.java:112)
	at com.netflix.discovery.shared.transport.decorator.EurekaHttpClientDecorator.register(EurekaHttpClientDecorator.java:56)
	at com.netflix.discovery.shared.transport.decorator.EurekaHttpClientDecorator$1.execute(EurekaHttpClientDecorator.java:59)
	at com.netflix.discovery.shared.transport.decorator.SessionedEurekaHttpClient.execute(SessionedEurekaHttpClient.java:76)
	at com.netflix.discovery.shared.transport.decorator.EurekaHttpClientDecorator.register(EurekaHttpClientDecorator.java:56)
	at com.netflix.discovery.DiscoveryClient.register(DiscoveryClient.java:828)
	at com.netflix.discovery.InstanceInfoReplicator.run(InstanceInfoReplicator.java:125)
	at com.netflix.discovery.InstanceInfoReplicator$2.run(InstanceInfoReplicator.java:105)
	at java.base/java.util.concurrent.Executors$RunnableAdapter.call(Executors.java:572)
	at java.base/java.util.concurrent.FutureTask.run(FutureTask.java:317)
	at java.base/java.util.concurrent.ScheduledThreadPoolExecutor$ScheduledFutureTask.run(ScheduledThreadPoolExecutor.java:304)
	at java.base/java.util.concurrent.ThreadPoolExecutor.runWorker(ThreadPoolExecutor.java:1144)
	at java.base/java.util.concurrent.ThreadPoolExecutor$Worker.run(ThreadPoolExecutor.java:642)
	at java.base/java.lang.Thread.run(Thread.java:1583)
2025-12-25 14:10:20.943 [DiscoveryClient-InstanceInfoReplicator-%d] WARN  [c.n.discovery.InstanceInfoReplicator] [Actor:] - There was a problem with the instance info replicator
com.netflix.discovery.shared.transport.TransportException: Cannot execute request on any known server
	at com.netflix.discovery.shared.transport.decorator.RetryableEurekaHttpClient.execute(RetryableEurekaHttpClient.java:112)
	at com.netflix.discovery.shared.transport.decorator.EurekaHttpClientDecorator.register(EurekaHttpClientDecorator.java:56)
	at com.netflix.discovery.shared.transport.decorator.EurekaHttpClientDecorator$1.execute(EurekaHttpClientDecorator.java:59)
	at com.netflix.discovery.shared.transport.decorator.SessionedEurekaHttpClient.execute(SessionedEurekaHttpClient.java:76)
	at com.netflix.discovery.shared.transport.decorator.EurekaHttpClientDecorator.register(EurekaHttpClientDecorator.java:56)
	at com.netflix.discovery.DiscoveryClient.register(DiscoveryClient.java:828)
	at com.netflix.discovery.InstanceInfoReplicator.run(InstanceInfoReplicator.java:125)
	at com.netflix.discovery.InstanceInfoReplicator$2.run(InstanceInfoReplicator.java:105)
	at java.base/java.util.concurrent.Executors$RunnableAdapter.call(Executors.java:572)
	at java.base/java.util.concurrent.FutureTask.run(FutureTask.java:317)
	at java.base/java.util.concurrent.ScheduledThreadPoolExecutor$ScheduledFutureTask.run(ScheduledThreadPoolExecutor.java:304)
	at java.base/java.util.concurrent.ThreadPoolExecutor.runWorker(ThreadPoolExecutor.java:1144)
	at java.base/java.util.concurrent.ThreadPoolExecutor$Worker.run(ThreadPoolExecutor.java:642)
	at java.base/java.lang.Thread.run(Thread.java:1583)
2025-12-25 14:10:20.954 [SpringApplicationShutdownHook] WARN  [c.n.d.s.t.d.RetryableEurekaHttpClient] [Actor:] - Request execution failed with message: I/O error on DELETE request for "http://localhost:8761/eureka/apps/SAF-CLIENT/student-laptop.home:saf-client": Connect to http://localhost:8761 [localhost/127.0.0.1] failed: Connexion refusée
2025-12-25 14:10:20.954 [SpringApplicationShutdownHook] ERROR [c.netflix.discovery.DiscoveryClient] [Actor:] - DiscoveryClient_SAF-CLIENT/student-laptop.home:saf-client - de-registration failedCannot execute request on any known server
com.netflix.discovery.shared.transport.TransportException: Cannot execute request on any known server
	at com.netflix.discovery.shared.transport.decorator.RetryableEurekaHttpClient.execute(RetryableEurekaHttpClient.java:112)
	at com.netflix.discovery.shared.transport.decorator.EurekaHttpClientDecorator.cancel(EurekaHttpClientDecorator.java:71)
	at com.netflix.discovery.shared.transport.decorator.EurekaHttpClientDecorator$2.execute(EurekaHttpClientDecorator.java:74)
	at com.netflix.discovery.shared.transport.decorator.SessionedEurekaHttpClient.execute(SessionedEurekaHttpClient.java:76)
	at com.netflix.discovery.shared.transport.decorator.EurekaHttpClientDecorator.cancel(EurekaHttpClientDecorator.java:71)
	at com.netflix.discovery.DiscoveryClient.unregister(DiscoveryClient.java:919)
	at com.netflix.discovery.DiscoveryClient.shutdown(DiscoveryClient.java:900)
	at java.base/jdk.internal.reflect.DirectMethodHandleAccessor.invoke(DirectMethodHandleAccessor.java:103)
	at java.base/java.lang.reflect.Method.invoke(Method.java:580)
	at org.springframework.beans.factory.annotation.InitDestroyAnnotationBeanPostProcessor$LifecycleMethod.invoke(InitDestroyAnnotationBeanPostProcessor.java:457)
	at org.springframework.beans.factory.annotation.InitDestroyAnnotationBeanPostProcessor$LifecycleMetadata.invokeDestroyMethods(InitDestroyAnnotationBeanPostProcessor.java:415)
	at org.springframework.beans.factory.annotation.InitDestroyAnnotationBeanPostProcessor.postProcessBeforeDestruction(InitDestroyAnnotationBeanPostProcessor.java:239)
	at org.springframework.beans.factory.support.DisposableBeanAdapter.destroy(DisposableBeanAdapter.java:202)
	at org.springframework.beans.factory.support.DisposableBeanAdapter.run(DisposableBeanAdapter.java:195)
	at org.springframework.cloud.context.scope.GenericScope$BeanLifecycleWrapper.destroy(GenericScope.java:389)
	at org.springframework.cloud.context.scope.GenericScope.destroy(GenericScope.java:136)
	at org.springframework.beans.factory.support.DisposableBeanAdapter.destroy(DisposableBeanAdapter.java:211)
	at org.springframework.beans.factory.support.DefaultSingletonBeanRegistry.destroyBean(DefaultSingletonBeanRegistry.java:587)
	at org.springframework.beans.factory.support.DefaultSingletonBeanRegistry.destroySingleton(DefaultSingletonBeanRegistry.java:559)
	at org.springframework.beans.factory.support.DefaultListableBeanFactory.destroySingleton(DefaultListableBeanFactory.java:1202)
	at org.springframework.beans.factory.support.DefaultSingletonBeanRegistry.destroySingletons(DefaultSingletonBeanRegistry.java:520)
	at org.springframework.beans.factory.support.DefaultListableBeanFactory.destroySingletons(DefaultListableBeanFactory.java:1195)
	at org.springframework.context.support.AbstractApplicationContext.destroyBeans(AbstractApplicationContext.java:1183)
	at org.springframework.context.support.AbstractApplicationContext.doClose(AbstractApplicationContext.java:1144)
	at org.springframework.boot.web.servlet.context.ServletWebServerApplicationContext.doClose(ServletWebServerApplicationContext.java:174)
	at org.springframework.context.support.AbstractApplicationContext.close(AbstractApplicationContext.java:1090)
	at org.springframework.boot.SpringApplicationShutdownHook.closeAndWait(SpringApplicationShutdownHook.java:145)
	at java.base/java.lang.Iterable.forEach(Iterable.java:75)
	at org.springframework.boot.SpringApplicationShutdownHook.run(SpringApplicationShutdownHook.java:114)
	at java.base/java.lang.Thread.run(Thread.java:1583)
2025-12-25 14:10:45.627 [main] INFO  [com.saf.client.SafClientApplication] [Actor:] - Starting SafClientApplication using Java 21.0.7 with PID 72876 (/home/cytech/Restaurant-SAF/saf-client/target/classes started by cytech in /home/cytech/Restaurant-SAF/saf-client)
2025-12-25 14:10:45.632 [main] INFO  [com.saf.client.SafClientApplication] [Actor:] - No active profile set, falling back to 1 default profile: "default"
2025-12-25 14:10:50.706 [main] INFO  [com.saf.core1.LocalActorSystem] [Actor:] - SAF ActorSystem started with 12 threads.
2025-12-25 14:10:50.735 [main] INFO  [com.saf.core1.router.RoundRobinPool] [Actor:client-router-1f8e5e2c-7d28-47e5-a230-abf430ebb385] - Starting Router Pool with 3 initial workers.
2025-12-25 14:10:54.247 [main] WARN  [o.s.c.l.c.LoadBalancerCacheAutoConfiguration$LoadBalancerCaffeineWarnLogger] [Actor:] - Spring Cloud LoadBalancer is currently working with the default cache. While this cache implementation is useful for development and tests, it's recommended to use Caffeine cache in production.You can switch to using Caffeine cache, by adding it and org.springframework.cache.caffeine.CaffeineCacheManager to the classpath.
2025-12-25 14:10:55.299 [main] INFO  [com.saf.client.SafClientApplication] [Actor:] - Started SafClientApplication in 11.188 seconds (process running for 11.985)
2025-12-25 14:27:17.773 [DiscoveryClient-InstanceInfoReplicator-%d] WARN  [c.n.d.s.t.d.RetryableEurekaHttpClient] [Actor:] - Request execution failed with message: I/O error on POST request for "http://localhost:8761/eureka/apps/SAF-CLIENT": Connect to http://localhost:8761 [localhost/127.0.0.1] failed: Connexion refusée
2025-12-25 14:27:17.796 [DiscoveryClient-InstanceInfoReplicator-%d] WARN  [c.n.d.s.t.d.RetryableEurekaHttpClient] [Actor:] - Request execution failed with message: I/O error on POST request for "http://localhost:8761/eureka/apps/SAF-CLIENT": Connect to http://localhost:8761 [localhost/127.0.0.1] failed: Connexion refusée
2025-12-25 14:27:17.796 [DiscoveryClient-InstanceInfoReplicator-%d] WARN  [c.netflix.discovery.DiscoveryClient] [Actor:] - DiscoveryClient_SAF-CLIENT/student-laptop.home:saf-client - registration failed Cannot execute request on any known server
com.netflix.discovery.shared.transport.TransportException: Cannot execute request on any known server
	at com.netflix.discovery.shared.transport.decorator.RetryableEurekaHttpClient.execute(RetryableEurekaHttpClient.java:112)
	at com.netflix.discovery.shared.transport.decorator.EurekaHttpClientDecorator.register(EurekaHttpClientDecorator.java:56)
	at com.netflix.discovery.shared.transport.decorator.EurekaHttpClientDecorator$1.execute(EurekaHttpClientDecorator.java:59)
	at com.netflix.discovery.shared.transport.decorator.SessionedEurekaHttpClient.execute(SessionedEurekaHttpClient.java:76)
	at com.netflix.discovery.shared.transport.decorator.EurekaHttpClientDecorator.register(EurekaHttpClientDecorator.java:56)
	at com.netflix.discovery.DiscoveryClient.register(DiscoveryClient.java:828)
	at com.netflix.discovery.InstanceInfoReplicator.run(InstanceInfoReplicator.java:125)
	at com.netflix.discovery.InstanceInfoReplicator$2.run(InstanceInfoReplicator.java:105)
	at java.base/java.util.concurrent.Executors$RunnableAdapter.call(Executors.java:572)
	at java.base/java.util.concurrent.FutureTask.run(FutureTask.java:317)
	at java.base/java.util.concurrent.ScheduledThreadPoolExecutor$ScheduledFutureTask.run(ScheduledThreadPoolExecutor.java:304)
	at java.base/java.util.concurrent.ThreadPoolExecutor.runWorker(ThreadPoolExecutor.java:1144)
	at java.base/java.util.concurrent.ThreadPoolExecutor$Worker.run(ThreadPoolExecutor.java:642)
	at java.base/java.lang.Thread.run(Thread.java:1583)
2025-12-25 14:27:17.802 [DiscoveryClient-InstanceInfoReplicator-%d] WARN  [c.n.discovery.InstanceInfoReplicator] [Actor:] - There was a problem with the instance info replicator
com.netflix.discovery.shared.transport.TransportException: Cannot execute request on any known server
	at com.netflix.discovery.shared.transport.decorator.RetryableEurekaHttpClient.execute(RetryableEurekaHttpClient.java:112)
	at com.netflix.discovery.shared.transport.decorator.EurekaHttpClientDecorator.register(EurekaHttpClientDecorator.java:56)
	at com.netflix.discovery.shared.transport.decorator.EurekaHttpClientDecorator$1.execute(EurekaHttpClientDecorator.java:59)
	at com.netflix.discovery.shared.transport.decorator.SessionedEurekaHttpClient.execute(SessionedEurekaHttpClient.java:76)
	at com.netflix.discovery.shared.transport.decorator.EurekaHttpClientDecorator.register(EurekaHttpClientDecorator.java:56)
	at com.netflix.discovery.DiscoveryClient.register(DiscoveryClient.java:828)
	at com.netflix.discovery.InstanceInfoReplicator.run(InstanceInfoReplicator.java:125)
	at com.netflix.discovery.InstanceInfoReplicator$2.run(InstanceInfoReplicator.java:105)
	at java.base/java.util.concurrent.Executors$RunnableAdapter.call(Executors.java:572)
	at java.base/java.util.concurrent.FutureTask.run(FutureTask.java:317)
	at java.base/java.util.concurrent.ScheduledThreadPoolExecutor$ScheduledFutureTask.run(ScheduledThreadPoolExecutor.java:304)
	at java.base/java.util.concurrent.ThreadPoolExecutor.runWorker(ThreadPoolExecutor.java:1144)
	at java.base/java.util.concurrent.ThreadPoolExecutor$Worker.run(ThreadPoolExecutor.java:642)
	at java.base/java.lang.Thread.run(Thread.java:1583)
2025-12-25 14:27:17.817 [SpringApplicationShutdownHook] WARN  [c.n.d.s.t.d.RetryableEurekaHttpClient] [Actor:] - Request execution failed with message: I/O error on DELETE request for "http://localhost:8761/eureka/apps/SAF-CLIENT/student-laptop.home:saf-client": Connect to http://localhost:8761 [localhost/127.0.0.1] failed: Connexion refusée
2025-12-25 14:27:17.818 [SpringApplicationShutdownHook] ERROR [c.netflix.discovery.DiscoveryClient] [Actor:] - DiscoveryClient_SAF-CLIENT/student-laptop.home:saf-client - de-registration failedCannot execute request on any known server
com.netflix.discovery.shared.transport.TransportException: Cannot execute request on any known server
	at com.netflix.discovery.shared.transport.decorator.RetryableEurekaHttpClient.execute(RetryableEurekaHttpClient.java:112)
	at com.netflix.discovery.shared.transport.decorator.EurekaHttpClientDecorator.cancel(EurekaHttpClientDecorator.java:71)
	at com.netflix.discovery.shared.transport.decorator.EurekaHttpClientDecorator$2.execute(EurekaHttpClientDecorator.java:74)
	at com.netflix.discovery.shared.transport.decorator.SessionedEurekaHttpClient.execute(SessionedEurekaHttpClient.java:76)
	at com.netflix.discovery.shared.transport.decorator.EurekaHttpClientDecorator.cancel(EurekaHttpClientDecorator.java:71)
	at com.netflix.discovery.DiscoveryClient.unregister(DiscoveryClient.java:919)
	at com.netflix.discovery.DiscoveryClient.shutdown(DiscoveryClient.java:900)
	at java.base/jdk.internal.reflect.DirectMethodHandleAccessor.invoke(DirectMethodHandleAccessor.java:103)
	at java.base/java.lang.reflect.Method.invoke(Method.java:580)
	at org.springframework.beans.factory.annotation.InitDestroyAnnotationBeanPostProcessor$LifecycleMethod.invoke(InitDestroyAnnotationBeanPostProcessor.java:457)
	at org.springframework.beans.factory.annotation.InitDestroyAnnotationBeanPostProcessor$LifecycleMetadata.invokeDestroyMethods(InitDestroyAnnotationBeanPostProcessor.java:415)
	at org.springframework.beans.factory.annotation.InitDestroyAnnotationBeanPostProcessor.postProcessBeforeDestruction(InitDestroyAnnotationBeanPostProcessor.java:239)
	at org.springframework.beans.factory.support.DisposableBeanAdapter.destroy(DisposableBeanAdapter.java:202)
	at org.springframework.beans.factory.support.DisposableBeanAdapter.run(DisposableBeanAdapter.java:195)
	at org.springframework.cloud.context.scope.GenericScope$BeanLifecycleWrapper.destroy(GenericScope.java:389)
	at org.springframework.cloud.context.scope.GenericScope.destroy(GenericScope.java:136)
	at org.springframework.beans.factory.support.DisposableBeanAdapter.destroy(DisposableBeanAdapter.java:211)
	at org.springframework.beans.factory.support.DefaultSingletonBeanRegistry.destroyBean(DefaultSingletonBeanRegistry.java:587)
	at org.springframework.beans.factory.support.DefaultSingletonBeanRegistry.destroySingleton(DefaultSingletonBeanRegistry.java:559)
	at org.springframework.beans.factory.support.DefaultListableBeanFactory.destroySingleton(DefaultListableBeanFactory.java:1202)
	at org.springframework.beans.factory.support.DefaultSingletonBeanRegistry.destroySingletons(DefaultSingletonBeanRegistry.java:520)
	at org.springframework.beans.factory.support.DefaultListableBeanFactory.destroySingletons(DefaultListableBeanFactory.java:1195)
	at org.springframework.context.support.AbstractApplicationContext.destroyBeans(AbstractApplicationContext.java:1183)
	at org.springframework.context.support.AbstractApplicationContext.doClose(AbstractApplicationContext.java:1144)
	at org.springframework.boot.web.servlet.context.ServletWebServerApplicationContext.doClose(ServletWebServerApplicationContext.java:174)
	at org.springframework.context.support.AbstractApplicationContext.close(AbstractApplicationContext.java:1090)
	at org.springframework.boot.SpringApplicationShutdownHook.closeAndWait(SpringApplicationShutdownHook.java:145)
	at java.base/java.lang.Iterable.forEach(Iterable.java:75)
	at org.springframework.boot.SpringApplicationShutdownHook.run(SpringApplicationShutdownHook.java:114)
	at java.base/java.lang.Thread.run(Thread.java:1583)
